#
# A fatal error has been detected by the Java Runtime Environment:
#
#  EXCEPTION_ACCESS_VIOLATION (0xc0000005) at pc=0x00007fff4a2d6d01, pid=17380, tid=23048
#
# JRE version: Java(TM) SE Runtime Environment (25.0+37) (build 25+37-LTS-3491)
# Java VM: Java HotSpot(TM) 64-Bit Server VM (25+37-LTS-3491, mixed mode, sharing, tiered, compressed oops, compressed class ptrs, g1 gc, windows-amd64)
# Problematic frame:
# V  [jvm.dll+0x276d01]
#
# No core dump will be written. Minidumps are not enabled by default on client versions of Windows
#
# If you would like to submit a bug report, please visit:
#   https://bugreport.java.com/bugreport/crash.jsp
#

---------------  S U M M A R Y ------------

Command Line: -Djava.library.path=C:\Users\noahu\IdeaProjects\FFMProcessor\src\test\resources -Dorg.gradle.internal.worker.tmpdir=F:\IdeaProjects\FFMProcessor\build\tmp\test\work -Xmx512m -Dfile.encoding=UTF-8 -Duser.country=US -Duser.language=en -Duser.variant -ea worker.org.gradle.process.internal.worker.GradleWorkerMain 'Gradle Test Executor 52'

Host: Intel(R) Core(TM) i5-8400 CPU @ 2.80GHz, 6 cores, 15G,  Windows 11 , 64 bit Build 22621 (10.0.22621.5415)
Time: Wed Feb 11 21:18:22 2026 Romance Standard Time elapsed time: 0.679268 seconds (0d 0h 0m 0s)

---------------  T H R E A D  ---------------

Current thread (0x000001eae6ea2310):  JavaThread "C1 CompilerThread0" daemon [_thread_in_vm, id=23048, stack(0x00000005de600000,0x00000005de700000) (1024K)]


Current CompileTask:
C1:679 1994       3       io.github.nowipi.ffm.processor.pointer.IntegerPointer::setAtIndex (10 bytes)

Stack: [0x00000005de600000,0x00000005de700000],  sp=0x00000005de6fe1c0,  free space=1016k
Native frames: (J=compiled Java code, j=interpreted, Vv=VM code, C=native code)
V  [jvm.dll+0x276d01]  (no source info available)
V  [jvm.dll+0x265b61]  (no source info available)
V  [jvm.dll+0x26fa3a]  (no source info available)
V  [jvm.dll+0x27029f]  (no source info available)
V  [jvm.dll+0x25d45b]  (no source info available)
V  [jvm.dll+0x25d083]  (no source info available)
V  [jvm.dll+0x27846f]  (no source info available)
V  [jvm.dll+0x1c80f7]  (no source info available)
V  [jvm.dll+0x1cac98]  (no source info available)
V